<?xml version="1.0" encoding="UTF-8"?>
<!-- Generated by org.testng.reporters.JUnitXMLReporter -->
<testsuite hostname="Sarowars-MacBook-Pro.local" ignored="0" name="Command line test" tests="27" failures="0" timestamp="28 Jan 2017 17:36:15 GMT" time="0.115" errors="0">
  <testcase name="@BeforeMethod setUp" time="0.0" classname="Base.CommonAPI">
    <failure type="java.lang.NullPointerException">
      <![CDATA[java.lang.NullPointerException
	at Base.CommonAPI.setUp(CommonAPI.java:51)
... Removed 37 stack frames]]>
    </failure>
  </testcase> <!-- @BeforeMethod setUp -->
  <testcase name="@AfterMethod tearDown" time="0.0" classname="Base.CommonAPI">
    <skipped/>
  </testcase> <!-- @AfterMethod tearDown -->
  <testcase name="@BeforeMethod setUp" time="0.0" classname="Base.CommonAPI">
    <skipped/>
  </testcase> <!-- @BeforeMethod setUp -->
  <testcase name="@AfterMethod tearDown" time="0.0" classname="Base.CommonAPI">
    <skipped/>
  </testcase> <!-- @AfterMethod tearDown -->
  <testcase name="@BeforeMethod setUp" time="0.0" classname="Base.CommonAPI">
    <skipped/>
  </testcase> <!-- @BeforeMethod setUp -->
  <testcase name="@AfterMethod tearDown" time="0.0" classname="Base.CommonAPI">
    <skipped/>
  </testcase> <!-- @AfterMethod tearDown -->
  <testcase name="@BeforeMethod setUp" time="0.0" classname="Base.CommonAPI">
    <skipped/>
  </testcase> <!-- @BeforeMethod setUp -->
  <testcase name="@AfterMethod tearDown" time="0.0" classname="Base.CommonAPI">
    <skipped/>
  </testcase> <!-- @AfterMethod tearDown -->
  <testcase name="@BeforeMethod setUp" time="0.0" classname="Base.CommonAPI">
    <skipped/>
  </testcase> <!-- @BeforeMethod setUp -->
  <testcase name="@AfterMethod tearDown" time="0.0" classname="Base.CommonAPI">
    <skipped/>
  </testcase> <!-- @AfterMethod tearDown -->
  <testcase name="@BeforeMethod setUp" time="0.0" classname="Base.CommonAPI">
    <skipped/>
  </testcase> <!-- @BeforeMethod setUp -->
  <testcase name="@AfterMethod tearDown" time="0.0" classname="Base.CommonAPI">
    <skipped/>
  </testcase> <!-- @AfterMethod tearDown -->
  <testcase name="@BeforeMethod setUp" time="0.0" classname="Base.CommonAPI">
    <skipped/>
  </testcase> <!-- @BeforeMethod setUp -->
  <testcase name="@AfterMethod tearDown" time="0.0" classname="Base.CommonAPI">
    <skipped/>
  </testcase> <!-- @AfterMethod tearDown -->
  <testcase name="@BeforeMethod setUp" time="0.0" classname="Base.CommonAPI">
    <skipped/>
  </testcase> <!-- @BeforeMethod setUp -->
  <testcase name="@AfterMethod tearDown" time="0.0" classname="Base.CommonAPI">
    <skipped/>
  </testcase> <!-- @AfterMethod tearDown -->
  <testcase name="@BeforeMethod setUp" time="0.0" classname="Base.CommonAPI">
    <skipped/>
  </testcase> <!-- @BeforeMethod setUp -->
  <testcase name="@AfterMethod tearDown" time="0.0" classname="Base.CommonAPI">
    <skipped/>
  </testcase> <!-- @AfterMethod tearDown -->
  <testcase name="@BeforeMethod setUp" time="0.0" classname="Base.CommonAPI">
    <skipped/>
  </testcase> <!-- @BeforeMethod setUp -->
  <testcase name="@AfterMethod tearDown" time="0.0" classname="Base.CommonAPI">
    <skipped/>
  </testcase> <!-- @AfterMethod tearDown -->
  <testcase name="@BeforeMethod setUp" time="0.0" classname="Base.CommonAPI">
    <skipped/>
  </testcase> <!-- @BeforeMethod setUp -->
  <testcase name="@AfterMethod tearDown" time="0.0" classname="Base.CommonAPI">
    <skipped/>
  </testcase> <!-- @AfterMethod tearDown -->
  <testcase name="@BeforeMethod setUp" time="0.0" classname="Base.CommonAPI">
    <skipped/>
  </testcase> <!-- @BeforeMethod setUp -->
  <testcase name="@AfterMethod tearDown" time="0.0" classname="Base.CommonAPI">
    <skipped/>
  </testcase> <!-- @AfterMethod tearDown -->
  <testcase name="@BeforeMethod setUp" time="0.0" classname="Base.CommonAPI">
    <skipped/>
  </testcase> <!-- @BeforeMethod setUp -->
  <testcase name="@AfterMethod tearDown" time="0.0" classname="Base.CommonAPI">
    <skipped/>
  </testcase> <!-- @AfterMethod tearDown -->
  <testcase name="@BeforeMethod setUp" time="0.0" classname="Base.CommonAPI">
    <skipped/>
  </testcase> <!-- @BeforeMethod setUp -->
  <testcase name="@AfterMethod tearDown" time="0.0" classname="Base.CommonAPI">
    <skipped/>
  </testcase> <!-- @AfterMethod tearDown -->
  <testcase name="@BeforeMethod setUp" time="0.0" classname="Base.CommonAPI">
    <skipped/>
  </testcase> <!-- @BeforeMethod setUp -->
  <testcase name="@AfterMethod tearDown" time="0.0" classname="Base.CommonAPI">
    <skipped/>
  </testcase> <!-- @AfterMethod tearDown -->
  <testcase name="@BeforeMethod setUp" time="0.0" classname="Base.CommonAPI">
    <skipped/>
  </testcase> <!-- @BeforeMethod setUp -->
  <testcase name="@AfterMethod tearDown" time="0.0" classname="Base.CommonAPI">
    <skipped/>
  </testcase> <!-- @AfterMethod tearDown -->
  <testcase name="@BeforeMethod setUp" time="0.0" classname="Base.CommonAPI">
    <skipped/>
  </testcase> <!-- @BeforeMethod setUp -->
  <testcase name="@AfterMethod tearDown" time="0.0" classname="Base.CommonAPI">
    <skipped/>
  </testcase> <!-- @AfterMethod tearDown -->
  <testcase name="@BeforeMethod setUp" time="0.0" classname="Base.CommonAPI">
    <skipped/>
  </testcase> <!-- @BeforeMethod setUp -->
  <testcase name="@AfterMethod tearDown" time="0.0" classname="Base.CommonAPI">
    <skipped/>
  </testcase> <!-- @AfterMethod tearDown -->
  <testcase name="@BeforeMethod setUp" time="0.0" classname="Base.CommonAPI">
    <skipped/>
  </testcase> <!-- @BeforeMethod setUp -->
  <testcase name="@AfterMethod tearDown" time="0.0" classname="Base.CommonAPI">
    <skipped/>
  </testcase> <!-- @AfterMethod tearDown -->
  <testcase name="@BeforeMethod setUp" time="0.0" classname="Base.CommonAPI">
    <skipped/>
  </testcase> <!-- @BeforeMethod setUp -->
  <testcase name="@AfterMethod tearDown" time="0.0" classname="Base.CommonAPI">
    <skipped/>
  </testcase> <!-- @AfterMethod tearDown -->
  <testcase name="@BeforeMethod setUp" time="0.0" classname="Base.CommonAPI">
    <skipped/>
  </testcase> <!-- @BeforeMethod setUp -->
  <testcase name="@AfterMethod tearDown" time="0.0" classname="Base.CommonAPI">
    <skipped/>
  </testcase> <!-- @AfterMethod tearDown -->
  <testcase name="@BeforeMethod setUp" time="0.004" classname="Base.CommonAPI">
    <skipped/>
  </testcase> <!-- @BeforeMethod setUp -->
  <testcase name="@AfterMethod tearDown" time="0.0" classname="Base.CommonAPI">
    <skipped/>
  </testcase> <!-- @AfterMethod tearDown -->
  <testcase name="@BeforeMethod setUp" time="0.0" classname="Base.CommonAPI">
    <skipped/>
  </testcase> <!-- @BeforeMethod setUp -->
  <testcase name="@AfterMethod tearDown" time="0.0" classname="Base.CommonAPI">
    <skipped/>
  </testcase> <!-- @AfterMethod tearDown -->
  <testcase name="@BeforeMethod setUp" time="0.0" classname="Base.CommonAPI">
    <skipped/>
  </testcase> <!-- @BeforeMethod setUp -->
  <testcase name="@AfterMethod tearDown" time="0.0" classname="Base.CommonAPI">
    <skipped/>
  </testcase> <!-- @AfterMethod tearDown -->
  <testcase name="@BeforeMethod setUp" time="0.0" classname="Base.CommonAPI">
    <skipped/>
  </testcase> <!-- @BeforeMethod setUp -->
  <testcase name="@AfterMethod tearDown" time="0.0" classname="Base.CommonAPI">
    <skipped/>
  </testcase> <!-- @AfterMethod tearDown -->
  <testcase name="@BeforeMethod setUp" time="0.0" classname="Base.CommonAPI">
    <skipped/>
  </testcase> <!-- @BeforeMethod setUp -->
  <testcase name="@AfterMethod tearDown" time="0.0" classname="Base.CommonAPI">
    <skipped/>
  </testcase> <!-- @AfterMethod tearDown -->
  <testcase name="@BeforeMethod setUp" time="0.0" classname="Base.CommonAPI">
    <skipped/>
  </testcase> <!-- @BeforeMethod setUp -->
  <testcase name="@AfterMethod tearDown" time="0.0" classname="Base.CommonAPI">
    <skipped/>
  </testcase> <!-- @AfterMethod tearDown -->
  <testcase name="searchUsingDataProvider" time="0.002" classname="SearchItems.TestSearchByDataProvider">
    <skipped/>
  </testcase> <!-- searchUsingDataProvider -->
  <testcase name="searchUsingDataProvider" time="0.001" classname="SearchItems.TestSearchByDataProvider">
    <skipped/>
  </testcase> <!-- searchUsingDataProvider -->
  <testcase name="searchUsingDataProvider" time="0.0" classname="SearchItems.TestSearchByDataProvider">
    <skipped/>
  </testcase> <!-- searchUsingDataProvider -->
  <testcase name="searchUsingDB" time="0.001" classname="SearchItems.TestSearchByDB">
    <skipped/>
  </testcase> <!-- searchUsingDB -->
  <testcase name="search" time="0.0" classname="SearchItems.TestSearchByExcel">
    <skipped/>
  </testcase> <!-- search -->
  <testcase name="CanGoToWireLink" time="0.001" classname="TestTheWire.TestTheWire">
    <skipped/>
  </testcase> <!-- CanGoToWireLink -->
  <testcase name="CanGoTopNewsDestailsPage" time="0.001" classname="TestTopNews.TestTopNews">
    <skipped/>
  </testcase> <!-- CanGoTopNewsDestailsPage -->
  <testcase name="testStockTabsData" time="0.001" classname="TestMarketTab.TestTabs">
    <skipped/>
  </testcase> <!-- testStockTabsData -->
  <testcase name="SignInByBalankCredentials" time="0.0" classname="TestSignInUser.TestSignIn">
    <skipped/>
  </testcase> <!-- SignInByBalankCredentials -->
  <testcase name="CanGoToTwitter" time="0.001" classname="TestSocialLinks.TestSocial">
    <skipped/>
  </testcase> <!-- CanGoToTwitter -->
  <testcase name="testTopMenuBusiness" time="0.0" classname="TestMenus.TestTopMenus">
    <skipped/>
  </testcase> <!-- testTopMenuBusiness -->
  <testcase name="testBondTabsData" time="0.0" classname="TestMarketTab.TestTabs">
    <skipped/>
  </testcase> <!-- testBondTabsData -->
  <testcase name="SignInByBlankPassword" time="0.0" classname="TestSignInUser.TestSignIn">
    <skipped/>
  </testcase> <!-- SignInByBlankPassword -->
  <testcase name="CanGoToFacebook" time="0.0" classname="TestSocialLinks.TestSocial">
    <skipped/>
  </testcase> <!-- CanGoToFacebook -->
  <testcase name="testTopMenuMarkets" time="0.001" classname="TestMenus.TestTopMenus">
    <skipped/>
  </testcase> <!-- testTopMenuMarkets -->
  <testcase name="testCurrenciesTabsData" time="0.002" classname="TestMarketTab.TestTabs">
    <skipped/>
  </testcase> <!-- testCurrenciesTabsData -->
  <testcase name="testTopMenuWorld" time="0.001" classname="TestMenus.TestTopMenus">
    <skipped/>
  </testcase> <!-- testTopMenuWorld -->
  <testcase name="SignInByBlankUsername" time="0.0" classname="TestSignInUser.TestSignIn">
    <skipped/>
  </testcase> <!-- SignInByBlankUsername -->
  <testcase name="CanGoToLinkdin" time="0.0" classname="TestSocialLinks.TestSocial">
    <skipped/>
  </testcase> <!-- CanGoToLinkdin -->
  <testcase name="testCommoTabsData" time="0.0" classname="TestMarketTab.TestTabs">
    <skipped/>
  </testcase> <!-- testCommoTabsData -->
  <testcase name="testTopMenuPolitics" time="0.0" classname="TestMenus.TestTopMenus">
    <skipped/>
  </testcase> <!-- testTopMenuPolitics -->
  <testcase name="SignInByInCorrectUsername" time="0.0" classname="TestSignInUser.TestSignIn">
    <skipped/>
  </testcase> <!-- SignInByInCorrectUsername -->
  <testcase name="testTopMenuTech" time="0.0" classname="TestMenus.TestTopMenus">
    <skipped/>
  </testcase> <!-- testTopMenuTech -->
  <testcase name="SignInByInCorrectPassword" time="0.0" classname="TestSignInUser.TestSignIn">
    <skipped/>
  </testcase> <!-- SignInByInCorrectPassword -->
  <testcase name="testTopMenuCommentary" time="0.0" classname="TestMenus.TestTopMenus">
    <skipped/>
  </testcase> <!-- testTopMenuCommentary -->
  <testcase name="SignInByCorrectCredentials" time="0.0" classname="TestSignInUser.TestSignIn">
    <skipped/>
  </testcase> <!-- SignInByCorrectCredentials -->
  <testcase name="testTopMenuPictures" time="0.001" classname="TestMenus.TestTopMenus">
    <skipped/>
  </testcase> <!-- testTopMenuPictures -->
</testsuite> <!-- Command line test -->
