<?xml version="1.0" encoding="UTF-8" ?>
<testsuite tests="48" failures="1" name="TestSuite" time="0.466" errors="0" skipped="47">
  <properties>
[...]
</properties>
  <testcase classname="Home.TestNbaHomePage" name="setUp" time="0.431">
    <failure type="java.lang.NullPointerException">java.lang.NullPointerException
	at Base.CommonAPI.setUp(CommonAPI.java:51)
	at sun.reflect.NativeMethodAccessorImpl.invoke0(Native Method)
	at sun.reflect.NativeMethodAccessorImpl.invoke(NativeMethodAccessorImpl.java:62)
	at sun.reflect.DelegatingMethodAccessorImpl.invoke(DelegatingMethodAccessorImpl.java:43)
	at java.lang.reflect.Method.invoke(Method.java:498)
	at org.testng.internal.MethodInvocationHelper.invokeMethod(MethodInvocationHelper.java:104)
	at org.testng.internal.Invoker.invokeConfigurationMethod(Invoker.java:515)
	at org.testng.internal.Invoker.invokeConfigurations(Invoker.java:217)
	at org.testng.internal.Invoker.invokeMethod(Invoker.java:590)
	at org.testng.internal.Invoker.invokeTestMethod(Invoker.java:851)
	at org.testng.internal.Invoker.invokeTestMethods(Invoker.java:1177)
	at org.testng.internal.TestMethodWorker.invokeTestMethods(TestMethodWorker.java:129)
	at org.testng.internal.TestMethodWorker.run(TestMethodWorker.java:112)
	at org.testng.TestRunner.privateRun(TestRunner.java:756)
	at org.testng.TestRunner.run(TestRunner.java:610)
	at org.testng.SuiteRunner.runTest(SuiteRunner.java:387)
	at org.testng.SuiteRunner.runSequentially(SuiteRunner.java:382)
	at org.testng.SuiteRunner.privateRun(SuiteRunner.java:340)
	at org.testng.SuiteRunner.run(SuiteRunner.java:289)
	at org.testng.SuiteRunnerWorker.runSuite(SuiteRunnerWorker.java:52)
	at org.testng.SuiteRunnerWorker.run(SuiteRunnerWorker.java:86)
	at org.testng.TestNG.runSuitesSequentially(TestNG.java:1293)
	at org.testng.TestNG.runSuitesLocally(TestNG.java:1218)
	at org.testng.TestNG.runSuites(TestNG.java:1133)
	at org.testng.TestNG.run(TestNG.java:1104)
	at org.apache.maven.surefire.testng.TestNGExecutor.run(TestNGExecutor.java:77)
	at org.apache.maven.surefire.testng.TestNGDirectoryTestSuite.executeMulti(TestNGDirectoryTestSuite.java:159)
	at org.apache.maven.surefire.testng.TestNGDirectoryTestSuite.execute(TestNGDirectoryTestSuite.java:99)
	at org.apache.maven.surefire.testng.TestNGProvider.invoke(TestNGProvider.java:106)
	at sun.reflect.NativeMethodAccessorImpl.invoke0(Native Method)
	at sun.reflect.NativeMethodAccessorImpl.invoke(NativeMethodAccessorImpl.java:62)
	at sun.reflect.DelegatingMethodAccessorImpl.invoke(DelegatingMethodAccessorImpl.java:43)
	at java.lang.reflect.Method.invoke(Method.java:498)
	at org.apache.maven.surefire.util.ReflectionUtils.invokeMethodWithArray(ReflectionUtils.java:189)
	at org.apache.maven.surefire.booter.ProviderFactory$ProviderProxy.invoke(ProviderFactory.java:165)
	at org.apache.maven.surefire.booter.ProviderFactory.invokeProvider(ProviderFactory.java:85)
	at org.apache.maven.surefire.booter.ForkedBooter.runSuitesInProcess(ForkedBooter.java:115)
	at org.apache.maven.surefire.booter.ForkedBooter.main(ForkedBooter.java:75)
</failure>
    <system-out>Configuring TestNG with: org.apache.maven.surefire.testng.conf.TestNG652Configurator@3b192d32
</system-out>
  </testcase>
  <testcase classname="Home.TestNbaHomePage" name="testGamePage" time="0">
    <skipped/>
  </testcase>
  <testcase classname="Home.TestNbaHomePage" name="tearDown" time="0">
    <skipped/>
  </testcase>
  <testcase classname="Login.TestLogIn" name="setUp" time="0.002">
    <skipped/>
  </testcase>
  <testcase classname="Login.TestLogIn" name="testValidEmailAndValidPassword" time="0">
    <skipped/>
  </testcase>
  <testcase classname="Login.TestLogIn" name="tearDown" time="0">
    <skipped/>
  </testcase>
  <testcase classname="NBAStatsPage.TestNBAStats" name="setUp" time="0.001">
    <skipped/>
  </testcase>
  <testcase classname="NBAStatsPage.TestNBAStats" name="testNBAPointsPage" time="0">
    <skipped/>
  </testcase>
  <testcase classname="NBAStatsPage.TestNBAStats" name="tearDown" time="0.001">
    <skipped/>
  </testcase>
  <testcase classname="Register.TestRegister" name="setUp" time="0.001">
    <skipped/>
  </testcase>
  <testcase classname="Register.TestRegister" name="testNBARegistrarWithValidCredentials" time="0">
    <skipped/>
  </testcase>
  <testcase classname="Register.TestRegister" name="tearDown" time="0">
    <skipped/>
  </testcase>
  <testcase classname="Home.TestNbaHomePage" name="setUp" time="0.001">
    <skipped/>
  </testcase>
  <testcase classname="Home.TestNbaHomePage" name="testTopStoriesPage" time="0.001">
    <skipped/>
  </testcase>
  <testcase classname="Home.TestNbaHomePage" name="tearDown" time="0.001">
    <skipped/>
  </testcase>
  <testcase classname="Login.TestLogIn" name="setUp" time="0.003">
    <skipped/>
  </testcase>
  <testcase classname="Login.TestLogIn" name="testInValidEmailAndPassword" time="0">
    <skipped/>
  </testcase>
  <testcase classname="Login.TestLogIn" name="tearDown" time="0">
    <skipped/>
  </testcase>
  <testcase classname="NBAStatsPage.TestNBAStats" name="setUp" time="0.001">
    <skipped/>
  </testcase>
  <testcase classname="NBAStatsPage.TestNBAStats" name="testNbaReboundsPage" time="0">
    <skipped/>
  </testcase>
  <testcase classname="NBAStatsPage.TestNBAStats" name="tearDown" time="0.001">
    <skipped/>
  </testcase>
  <testcase classname="Register.TestRegister" name="setUp" time="0.001">
    <skipped/>
  </testcase>
  <testcase classname="Register.TestRegister" name="testRegistrarWithInValidCredentials" time="0">
    <skipped/>
  </testcase>
  <testcase classname="Register.TestRegister" name="tearDown" time="0">
    <skipped/>
  </testcase>
  <testcase classname="Home.TestNbaHomePage" name="setUp" time="0.001">
    <skipped/>
  </testcase>
  <testcase classname="Home.TestNbaHomePage" name="testStandingPage" time="0">
    <skipped/>
  </testcase>
  <testcase classname="Home.TestNbaHomePage" name="tearDown" time="0">
    <skipped/>
  </testcase>
  <testcase classname="Login.TestLogIn" name="setUp" time="0.001">
    <skipped/>
  </testcase>
  <testcase classname="Login.TestLogIn" name="testValidEmailAndInValidPassword" time="0.001">
    <skipped/>
  </testcase>
  <testcase classname="Login.TestLogIn" name="tearDown" time="0.001">
    <skipped/>
  </testcase>
  <testcase classname="NBAStatsPage.TestNBAStats" name="setUp" time="0.001">
    <skipped/>
  </testcase>
  <testcase classname="NBAStatsPage.TestNBAStats" name="testNbaAssistPage" time="0.001">
    <skipped/>
  </testcase>
  <testcase classname="NBAStatsPage.TestNBAStats" name="tearDown" time="0.001">
    <skipped/>
  </testcase>
  <testcase classname="Home.TestNbaHomePage" name="setUp" time="0.002">
    <skipped/>
  </testcase>
  <testcase classname="Home.TestNbaHomePage" name="testStatsPage" time="0">
    <skipped/>
  </testcase>
  <testcase classname="Home.TestNbaHomePage" name="tearDown" time="0.001">
    <skipped/>
  </testcase>
  <testcase classname="Login.TestLogIn" name="setUp" time="0.001">
    <skipped/>
  </testcase>
  <testcase classname="Login.TestLogIn" name="testInValidEmailAndValidPassword" time="0.001">
    <skipped/>
  </testcase>
  <testcase classname="Login.TestLogIn" name="tearDown" time="0.001">
    <skipped/>
  </testcase>
  <testcase classname="NBAStatsPage.TestNBAStats" name="setUp" time="0.002">
    <skipped/>
  </testcase>
  <testcase classname="NBAStatsPage.TestNBAStats" name="testNbaBlocksPage" time="0">
    <skipped/>
  </testcase>
  <testcase classname="NBAStatsPage.TestNBAStats" name="tearDown" time="0">
    <skipped/>
  </testcase>
  <testcase classname="Home.TestNbaHomePage" name="setUp" time="0.001">
    <skipped/>
  </testcase>
  <testcase classname="Home.TestNbaHomePage" name="testPlayersPage" time="0.001">
    <skipped/>
  </testcase>
  <testcase classname="Home.TestNbaHomePage" name="tearDown" time="0.001">
    <skipped/>
  </testcase>
  <testcase classname="Home.TestNbaHomePage" name="setUp" time="0.002">
    <skipped/>
  </testcase>
  <testcase classname="Home.TestNbaHomePage" name="testTeamPage" time="0">
    <skipped/>
  </testcase>
  <testcase classname="Home.TestNbaHomePage" name="tearDown" time="0.001">
    <skipped/>
  </testcase>
</testsuite>