-------------------------------------------------------------------------------
Test set: TestSuite
-------------------------------------------------------------------------------
Tests run: 1, Failures: 1, Errors: 0, Skipped: 0, Time elapsed: 23.827 sec <<< FAILURE! - in TestSuite
searchUsingDB(SearchItems.TestSearchByDB)  Time elapsed: 4.063 sec  <<< FAILURE!
java.lang.NullPointerException
	at SearchItems.TestSearchByDB.searchUsingDB(TestSearchByDB.java:27)

