<?xml version="1.0" encoding="UTF-8"?>
<testng-results skipped="0" failed="0" ignored="0" total="1" passed="1">
  <reporter-output>
  </reporter-output>
  <suite name="Reuters News" duration-ms="38605" started-at="2017-01-29T03:07:41Z" finished-at="2017-01-29T03:08:19Z">
    <groups>
    </groups>
    <test name="Reuters Pages" duration-ms="38605" started-at="2017-01-29T03:07:41Z" finished-at="2017-01-29T03:08:19Z">
      <class name="SearchItems.TestSearchByDB">
        <test-method status="PASS" signature="setUp(boolean, java.lang.String, java.lang.String, java.lang.String, java.lang.String, java.lang.String, java.lang.String)[pri:0, instance:SearchItems.TestSearchByDB@6fb554cc]" name="setUp" is-config="true" duration-ms="5160" started-at="2017-01-28T22:07:41Z" finished-at="2017-01-28T22:07:46Z">
          <params>
            <param index="0">
              <value>
                <![CDATA[false]]>
              </value>
            </param>
            <param index="1">
              <value>
                <![CDATA[sarowarjahan]]>
              </value>
            </param>
            <param index="2">
              <value>
                <![CDATA[28625ea2-4432-4ac5-92ef-2c3153e4a84a]]>
              </value>
            </param>
            <param index="3">
              <value>
                <![CDATA[Mac]]>
              </value>
            </param>
            <param index="4">
              <value>
                <![CDATA[chrome]]>
              </value>
            </param>
            <param index="5">
              <value>
                <![CDATA[55.0]]>
              </value>
            </param>
            <param index="6">
              <value>
                <![CDATA[http://www.reuters.com/]]>
              </value>
            </param>
          </params>
          <reporter-output>
          </reporter-output>
        </test-method> <!-- setUp -->
        <test-method status="PASS" signature="searchUsingDB()[pri:0, instance:SearchItems.TestSearchByDB@6fb554cc]" name="searchUsingDB" duration-ms="33243" started-at="2017-01-28T22:07:46Z" finished-at="2017-01-28T22:08:19Z">
          <reporter-output>
          </reporter-output>
        </test-method> <!-- searchUsingDB -->
        <test-method status="PASS" signature="tearDown()[pri:0, instance:SearchItems.TestSearchByDB@6fb554cc]" name="tearDown" is-config="true" duration-ms="176" started-at="2017-01-28T22:08:19Z" finished-at="2017-01-28T22:08:19Z">
          <reporter-output>
          </reporter-output>
        </test-method> <!-- tearDown -->
      </class> <!-- SearchItems.TestSearchByDB -->
    </test> <!-- Reuters Pages -->
  </suite> <!-- Reuters News -->
</testng-results>
