<?xml version="1.0" encoding="UTF-8"?>
<testng-results skipped="0" failed="1" ignored="0" total="1" passed="0">
  <reporter-output>
  </reporter-output>
  <suite name="Reuters News" duration-ms="23106" started-at="2017-01-28T20:05:19Z" finished-at="2017-01-28T20:05:42Z">
    <groups>
    </groups>
    <test name="Reuters Pages" duration-ms="23106" started-at="2017-01-28T20:05:19Z" finished-at="2017-01-28T20:05:42Z">
      <class name="SearchItems.TestSearchByDB">
        <test-method status="PASS" signature="setUp(boolean, java.lang.String, java.lang.String, java.lang.String, java.lang.String, java.lang.String, java.lang.String)[pri:0, instance:SearchItems.TestSearchByDB@6fb554cc]" name="setUp" is-config="true" duration-ms="18868" started-at="2017-01-28T15:05:19Z" finished-at="2017-01-28T15:05:38Z">
          <params>
            <param index="0">
              <value>
                <![CDATA[false]]>
              </value>
            </param>
            <param index="1">
              <value>
                <![CDATA[sarowarjahan]]>
              </value>
            </param>
            <param index="2">
              <value>
                <![CDATA[28625ea2-4432-4ac5-92ef-2c3153e4a84a]]>
              </value>
            </param>
            <param index="3">
              <value>
                <![CDATA[Mac]]>
              </value>
            </param>
            <param index="4">
              <value>
                <![CDATA[chrome]]>
              </value>
            </param>
            <param index="5">
              <value>
                <![CDATA[55.0]]>
              </value>
            </param>
            <param index="6">
              <value>
                <![CDATA[http://www.reuters.com/]]>
              </value>
            </param>
          </params>
          <reporter-output>
          </reporter-output>
        </test-method> <!-- setUp -->
        <test-method status="FAIL" signature="searchUsingDB()[pri:0, instance:SearchItems.TestSearchByDB@6fb554cc]" name="searchUsingDB" duration-ms="4050" started-at="2017-01-28T15:05:38Z" finished-at="2017-01-28T15:05:42Z">
          <exception class="java.lang.NullPointerException">
            <full-stacktrace>
              <![CDATA[java.lang.NullPointerException
	at SearchItems.TestSearchByDB.searchUsingDB(TestSearchByDB.java:27)
	at sun.reflect.NativeMethodAccessorImpl.invoke0(Native Method)
	at sun.reflect.NativeMethodAccessorImpl.invoke(NativeMethodAccessorImpl.java:62)
	at sun.reflect.DelegatingMethodAccessorImpl.invoke(DelegatingMethodAccessorImpl.java:43)
	at java.lang.reflect.Method.invoke(Method.java:498)
	at org.testng.internal.MethodInvocationHelper.invokeMethod(MethodInvocationHelper.java:104)
	at org.testng.internal.Invoker.invokeMethod(Invoker.java:645)
	at org.testng.internal.Invoker.invokeTestMethod(Invoker.java:851)
	at org.testng.internal.Invoker.invokeTestMethods(Invoker.java:1177)
	at org.testng.internal.TestMethodWorker.invokeTestMethods(TestMethodWorker.java:129)
	at org.testng.internal.TestMethodWorker.run(TestMethodWorker.java:112)
	at org.testng.TestRunner.privateRun(TestRunner.java:756)
	at org.testng.TestRunner.run(TestRunner.java:610)
	at org.testng.SuiteRunner.runTest(SuiteRunner.java:387)
	at org.testng.SuiteRunner.access$000(SuiteRunner.java:39)
	at org.testng.SuiteRunner$SuiteWorker.run(SuiteRunner.java:421)
	at org.testng.internal.thread.ThreadUtil$2.call(ThreadUtil.java:64)
	at java.util.concurrent.FutureTask.run(FutureTask.java:266)
	at java.util.concurrent.ThreadPoolExecutor.runWorker(ThreadPoolExecutor.java:1142)
	at java.util.concurrent.ThreadPoolExecutor$Worker.run(ThreadPoolExecutor.java:617)
	at java.lang.Thread.run(Thread.java:745)
]]>
            </full-stacktrace>
          </exception> <!-- java.lang.NullPointerException -->
          <reporter-output>
          </reporter-output>
        </test-method> <!-- searchUsingDB -->
        <test-method status="PASS" signature="tearDown()[pri:0, instance:SearchItems.TestSearchByDB@6fb554cc]" name="tearDown" is-config="true" duration-ms="150" started-at="2017-01-28T15:05:42Z" finished-at="2017-01-28T15:05:42Z">
          <reporter-output>
          </reporter-output>
        </test-method> <!-- tearDown -->
      </class> <!-- SearchItems.TestSearchByDB -->
    </test> <!-- Reuters Pages -->
  </suite> <!-- Reuters News -->
</testng-results>
