<?xml version="1.0" encoding="UTF-8"?>
<!-- Generated by org.testng.reporters.JUnitXMLReporter -->
<testsuite hostname="Sarowars-MacBook-Pro.local" ignored="0" name="Reuters Pages" tests="1" failures="1" timestamp="28 Jan 2017 20:05:42 GMT" time="23.106" errors="0">
  <testcase name="searchUsingDB" time="4.05" classname="SearchItems.TestSearchByDB">
    <failure type="java.lang.NullPointerException">
      <![CDATA[java.lang.NullPointerException
	at SearchItems.TestSearchByDB.searchUsingDB(TestSearchByDB.java:27)
	at java.util.concurrent.FutureTask.run(FutureTask.java:266)
	at java.util.concurrent.ThreadPoolExecutor.runWorker(ThreadPoolExecutor.java:1142)
	at java.util.concurrent.ThreadPoolExecutor$Worker.run(ThreadPoolExecutor.java:617)
	at java.lang.Thread.run(Thread.java:745)
... Removed 16 stack frames]]>
    </failure>
  </testcase> <!-- searchUsingDB -->
</testsuite> <!-- Reuters Pages -->
