<?xml version="1.0" encoding="UTF-8"?>
<!-- Generated by org.testng.reporters.JUnitXMLReporter -->
<testsuite hostname="Sarowars-MBP.home" ignored="0" name="Command line test" tests="16" failures="0" timestamp="26 Jan 2017 22:43:17 GMT" time="0.075" errors="0">
  <testcase name="@BeforeMethod setUp" time="0.0" classname="Base.CommonAPI">
    <failure type="java.lang.NullPointerException">
      <![CDATA[java.lang.NullPointerException
	at Base.CommonAPI.setUp(CommonAPI.java:51)
... Removed 37 stack frames]]>
    </failure>
  </testcase> <!-- @BeforeMethod setUp -->
  <testcase name="@AfterMethod tearDown" time="0.0" classname="Base.CommonAPI">
    <skipped/>
  </testcase> <!-- @AfterMethod tearDown -->
  <testcase name="@BeforeMethod setUp" time="0.0" classname="Base.CommonAPI">
    <skipped/>
  </testcase> <!-- @BeforeMethod setUp -->
  <testcase name="@AfterMethod tearDown" time="0.0" classname="Base.CommonAPI">
    <skipped/>
  </testcase> <!-- @AfterMethod tearDown -->
  <testcase name="@BeforeMethod setUp" time="0.0" classname="Base.CommonAPI">
    <skipped/>
  </testcase> <!-- @BeforeMethod setUp -->
  <testcase name="@AfterMethod tearDown" time="0.0" classname="Base.CommonAPI">
    <skipped/>
  </testcase> <!-- @AfterMethod tearDown -->
  <testcase name="@BeforeMethod setUp" time="0.0" classname="Base.CommonAPI">
    <skipped/>
  </testcase> <!-- @BeforeMethod setUp -->
  <testcase name="@AfterMethod tearDown" time="0.0" classname="Base.CommonAPI">
    <skipped/>
  </testcase> <!-- @AfterMethod tearDown -->
  <testcase name="@BeforeMethod setUp" time="0.0" classname="Base.CommonAPI">
    <skipped/>
  </testcase> <!-- @BeforeMethod setUp -->
  <testcase name="@AfterMethod tearDown" time="0.0" classname="Base.CommonAPI">
    <skipped/>
  </testcase> <!-- @AfterMethod tearDown -->
  <testcase name="@BeforeMethod setUp" time="0.0" classname="Base.CommonAPI">
    <skipped/>
  </testcase> <!-- @BeforeMethod setUp -->
  <testcase name="@AfterMethod tearDown" time="0.0" classname="Base.CommonAPI">
    <skipped/>
  </testcase> <!-- @AfterMethod tearDown -->
  <testcase name="@BeforeMethod setUp" time="0.0" classname="Base.CommonAPI">
    <skipped/>
  </testcase> <!-- @BeforeMethod setUp -->
  <testcase name="@AfterMethod tearDown" time="0.0" classname="Base.CommonAPI">
    <skipped/>
  </testcase> <!-- @AfterMethod tearDown -->
  <testcase name="@BeforeMethod setUp" time="0.0" classname="Base.CommonAPI">
    <skipped/>
  </testcase> <!-- @BeforeMethod setUp -->
  <testcase name="@AfterMethod tearDown" time="0.0" classname="Base.CommonAPI">
    <skipped/>
  </testcase> <!-- @AfterMethod tearDown -->
  <testcase name="@BeforeMethod setUp" time="0.0" classname="Base.CommonAPI">
    <skipped/>
  </testcase> <!-- @BeforeMethod setUp -->
  <testcase name="@AfterMethod tearDown" time="0.0" classname="Base.CommonAPI">
    <skipped/>
  </testcase> <!-- @AfterMethod tearDown -->
  <testcase name="@BeforeMethod setUp" time="0.0" classname="Base.CommonAPI">
    <skipped/>
  </testcase> <!-- @BeforeMethod setUp -->
  <testcase name="@AfterMethod tearDown" time="0.0" classname="Base.CommonAPI">
    <skipped/>
  </testcase> <!-- @AfterMethod tearDown -->
  <testcase name="@BeforeMethod setUp" time="0.0" classname="Base.CommonAPI">
    <skipped/>
  </testcase> <!-- @BeforeMethod setUp -->
  <testcase name="@AfterMethod tearDown" time="0.0" classname="Base.CommonAPI">
    <skipped/>
  </testcase> <!-- @AfterMethod tearDown -->
  <testcase name="@BeforeMethod setUp" time="0.0" classname="Base.CommonAPI">
    <skipped/>
  </testcase> <!-- @BeforeMethod setUp -->
  <testcase name="@AfterMethod tearDown" time="0.0" classname="Base.CommonAPI">
    <skipped/>
  </testcase> <!-- @AfterMethod tearDown -->
  <testcase name="@BeforeMethod setUp" time="0.0" classname="Base.CommonAPI">
    <skipped/>
  </testcase> <!-- @BeforeMethod setUp -->
  <testcase name="@AfterMethod tearDown" time="0.0" classname="Base.CommonAPI">
    <skipped/>
  </testcase> <!-- @AfterMethod tearDown -->
  <testcase name="@BeforeMethod setUp" time="0.0" classname="Base.CommonAPI">
    <skipped/>
  </testcase> <!-- @BeforeMethod setUp -->
  <testcase name="@AfterMethod tearDown" time="0.0" classname="Base.CommonAPI">
    <skipped/>
  </testcase> <!-- @AfterMethod tearDown -->
  <testcase name="@BeforeMethod setUp" time="0.0" classname="Base.CommonAPI">
    <skipped/>
  </testcase> <!-- @BeforeMethod setUp -->
  <testcase name="@AfterMethod tearDown" time="0.0" classname="Base.CommonAPI">
    <skipped/>
  </testcase> <!-- @AfterMethod tearDown -->
  <testcase name="@BeforeMethod setUp" time="0.0" classname="Base.CommonAPI">
    <skipped/>
  </testcase> <!-- @BeforeMethod setUp -->
  <testcase name="@AfterMethod tearDown" time="0.0" classname="Base.CommonAPI">
    <skipped/>
  </testcase> <!-- @AfterMethod tearDown -->
  <testcase name="testGamePage" time="0.001" classname="Home.TestNbaHomePage">
    <skipped/>
  </testcase> <!-- testGamePage -->
  <testcase name="testValidEmailAndValidPassword" time="0.0" classname="Login.TestLogIn">
    <skipped/>
  </testcase> <!-- testValidEmailAndValidPassword -->
  <testcase name="testNBAPointsPage" time="0.0" classname="NBAStatsPage.TestNBAStats">
    <skipped/>
  </testcase> <!-- testNBAPointsPage -->
  <testcase name="testNBARegistrarWithValidCredentials" time="0.001" classname="Register.TestRegister">
    <skipped/>
  </testcase> <!-- testNBARegistrarWithValidCredentials -->
  <testcase name="testTopStoriesPage" time="0.002" classname="Home.TestNbaHomePage">
    <skipped/>
  </testcase> <!-- testTopStoriesPage -->
  <testcase name="testInValidEmailAndPassword" time="0.001" classname="Login.TestLogIn">
    <skipped/>
  </testcase> <!-- testInValidEmailAndPassword -->
  <testcase name="testNbaReboundsPage" time="0.0" classname="NBAStatsPage.TestNBAStats">
    <skipped/>
  </testcase> <!-- testNbaReboundsPage -->
  <testcase name="testRegistrarWithInValidCredentials" time="0.001" classname="Register.TestRegister">
    <skipped/>
  </testcase> <!-- testRegistrarWithInValidCredentials -->
  <testcase name="testStandingPage" time="0.001" classname="Home.TestNbaHomePage">
    <skipped/>
  </testcase> <!-- testStandingPage -->
  <testcase name="testValidEmailAndInValidPassword" time="0.0" classname="Login.TestLogIn">
    <skipped/>
  </testcase> <!-- testValidEmailAndInValidPassword -->
  <testcase name="testNbaAssistPage" time="0.0" classname="NBAStatsPage.TestNBAStats">
    <skipped/>
  </testcase> <!-- testNbaAssistPage -->
  <testcase name="testStatsPage" time="0.0" classname="Home.TestNbaHomePage">
    <skipped/>
  </testcase> <!-- testStatsPage -->
  <testcase name="testInValidEmailAndValidPassword" time="0.0" classname="Login.TestLogIn">
    <skipped/>
  </testcase> <!-- testInValidEmailAndValidPassword -->
  <testcase name="testNbaBlocksPage" time="0.001" classname="NBAStatsPage.TestNBAStats">
    <skipped/>
  </testcase> <!-- testNbaBlocksPage -->
  <testcase name="testPlayersPage" time="0.0" classname="Home.TestNbaHomePage">
    <skipped/>
  </testcase> <!-- testPlayersPage -->
  <testcase name="testTeamPage" time="0.0" classname="Home.TestNbaHomePage">
    <skipped/>
  </testcase> <!-- testTeamPage -->
</testsuite> <!-- Command line test -->
